# JRE version: Java(TM) SE Runtime Environment 18.9 (11.0.9+7) (build 11.0.9+7-LTS)
# Java VM: Java HotSpot(TM) 64-Bit Server VM 18.9 (11.0.9+7-LTS, mixed mode, tiered, compressed oops, g1 gc, windows-amd64)
Heap:
 garbage-first heap   total 157696K, used 22616K [0x0000000081400000, 0x0000000100000000)
  region size 1024K, 8 young (8192K), 6 survivors (6144K)
 Metaspace       used 26560K, capacity 26854K, committed 27008K, reserved 1073152K
  class space    used 3003K, capacity 3078K, committed 3200K, reserved 1048576K
GC Heap History (10 events):
Event: 1.067 GC heap before
{Heap before GC invocations=1 (full 0):
 garbage-first heap   total 131072K, used 13840K [0x0000000081400000, 0x0000000100000000)
  region size 1024K, 11 young (11264K), 2 survivors (2048K)
 Metaspace       used 9385K, capacity 9527K, committed 9728K, reserved 1058816K
  class space    used 848K, capacity 914K, committed 1024K, reserved 1048576K
}
Event: 1.072 GC heap after
{Heap after GC invocations=2 (full 0):
 garbage-first heap   total 131072K, used 6727K [0x0000000081400000, 0x0000000100000000)
  region size 1024K, 2 young (2048K), 2 survivors (2048K)
 Metaspace       used 9385K, capacity 9527K, committed 9728K, reserved 1058816K
  class space    used 848K, capacity 914K, committed 1024K, reserved 1048576K
}
Event: 1.751 GC heap before
{Heap before GC invocations=2 (full 0):
 garbage-first heap   total 131072K, used 30279K [0x0000000081400000, 0x0000000100000000)
  region size 1024K, 26 young (26624K), 2 survivors (2048K)
 Metaspace       used 12795K, capacity 12990K, committed 13184K, reserved 1060864K
  class space    used 1275K, capacity 1322K, committed 1408K, reserved 1048576K
}
Event: 1.760 GC heap after
{Heap after GC invocations=3 (full 0):
 garbage-first heap   total 131072K, used 10240K [0x0000000081400000, 0x0000000100000000)
  region size 1024K, 4 young (4096K), 4 survivors (4096K)
 Metaspace       used 12795K, capacity 12990K, committed 13184K, reserved 1060864K
  class space    used 1275K, capacity 1322K, committed 1408K, reserved 1048576K
}
Event: 2.486 GC heap before
{Heap before GC invocations=3 (full 0):
 garbage-first heap   total 131072K, used 49152K [0x0000000081400000, 0x0000000100000000)
  region size 1024K, 37 young (37888K), 4 survivors (4096K)
 Metaspace       used 17186K, capacity 17406K, committed 17664K, reserved 1064960K
  class space    used 1877K, capacity 1940K, committed 2048K, reserved 1048576K
}
Event: 2.502 GC heap after
{Heap after GC invocations=4 (full 0):
 garbage-first heap   total 131072K, used 15281K [0x0000000081400000, 0x0000000100000000)
  region size 1024K, 5 young (5120K), 5 survivors (5120K)
 Metaspace       used 17186K, capacity 17406K, committed 17664K, reserved 1064960K
  class space    used 1877K, capacity 1940K, committed 2048K, reserved 1048576K
}
Event: 3.209 GC heap before
{Heap before GC invocations=4 (full 0):
 garbage-first heap   total 131072K, used 37809K [0x0000000081400000, 0x0000000100000000)
  region size 1024K, 28 young (28672K), 5 survivors (5120K)
 Metaspace       used 20913K, capacity 21124K, committed 21248K, reserved 1069056K
  class space    used 2390K, capacity 2465K, committed 2560K, reserved 1048576K
}
Event: 3.225 GC heap after
{Heap after GC invocations=5 (full 0):
 garbage-first heap   total 157696K, used 18056K [0x0000000081400000, 0x0000000100000000)
  region size 1024K, 6 young (6144K), 6 survivors (6144K)
 Metaspace       used 20913K, capacity 21124K, committed 21248K, reserved 1069056K
  class space    used 2390K, capacity 2465K, committed 2560K, reserved 1048576K
}
Event: 5.693 GC heap before
{Heap before GC invocations=6 (full 0):
 garbage-first heap   total 157696K, used 63112K [0x0000000081400000, 0x0000000100000000)
  region size 1024K, 50 young (51200K), 6 survivors (6144K)
 Metaspace       used 26248K, capacity 26485K, committed 26624K, reserved 1073152K
  class space    used 2969K, capacity 3040K, committed 3072K, reserved 1048576K
}
Event: 5.713 GC heap after
{Heap after GC invocations=7 (full 0):
 garbage-first heap   total 157696K, used 21592K [0x0000000081400000, 0x0000000100000000)
  region size 1024K, 6 young (6144K), 6 survivors (6144K)
 Metaspace       used 26248K, capacity 26485K, committed 26624K, reserved 1073152K
  class space    used 2969K, capacity 3040K, committed 3072K, reserved 1048576K
}

